07-Nov-2019 18:34:32.330 정보 [main] org.apache.catalina.startup.VersionLoggerListener.log 서버 버전 이름:        Apache Tomcat/8.5.47
07-Nov-2019 18:34:32.473 정보 [main] org.apache.catalina.startup.VersionLoggerListener.log Server 빌드 시각:          Oct 7 2019 13:30:46 UTC
07-Nov-2019 18:34:32.473 정보 [main] org.apache.catalina.startup.VersionLoggerListener.log Server 버전 번호:         8.5.47.0
07-Nov-2019 18:34:32.473 정보 [main] org.apache.catalina.startup.VersionLoggerListener.log 운영체제 이름:               Windows 10
07-Nov-2019 18:34:32.474 정보 [main] org.apache.catalina.startup.VersionLoggerListener.log 운영체제 버전:            10.0
07-Nov-2019 18:34:32.474 정보 [main] org.apache.catalina.startup.VersionLoggerListener.log 아키텍처:          amd64
07-Nov-2019 18:34:32.474 정보 [main] org.apache.catalina.startup.VersionLoggerListener.log 자바 홈:             C:\Program Files\Java\jdk1.8.0_191\jre
07-Nov-2019 18:34:32.474 정보 [main] org.apache.catalina.startup.VersionLoggerListener.log JVM 버전:           1.8.0_191-b12
07-Nov-2019 18:34:32.474 정보 [main] org.apache.catalina.startup.VersionLoggerListener.log JVM 벤더:            Oracle Corporation
07-Nov-2019 18:34:32.475 정보 [main] org.apache.catalina.startup.VersionLoggerListener.log CATALINA_BASE:         C:\webprogramming\apache-tomcat-8.5.47
07-Nov-2019 18:34:32.475 정보 [main] org.apache.catalina.startup.VersionLoggerListener.log CATALINA_HOME:         C:\webprogramming\apache-tomcat-8.5.47
07-Nov-2019 18:34:32.476 정보 [main] org.apache.catalina.startup.VersionLoggerListener.log 명령 행 아규먼트: -Djava.util.logging.config.file=C:\webprogramming\apache-tomcat-8.5.47\conf\logging.properties
07-Nov-2019 18:34:32.477 정보 [main] org.apache.catalina.startup.VersionLoggerListener.log 명령 행 아규먼트: -Djava.util.logging.manager=org.apache.juli.ClassLoaderLogManager
07-Nov-2019 18:34:32.478 정보 [main] org.apache.catalina.startup.VersionLoggerListener.log 명령 행 아규먼트: -Djdk.tls.ephemeralDHKeySize=2048
07-Nov-2019 18:34:32.479 정보 [main] org.apache.catalina.startup.VersionLoggerListener.log 명령 행 아규먼트: -Djava.protocol.handler.pkgs=org.apache.catalina.webresources
07-Nov-2019 18:34:32.481 정보 [main] org.apache.catalina.startup.VersionLoggerListener.log 명령 행 아규먼트: -Dignore.endorsed.dirs=
07-Nov-2019 18:34:32.509 정보 [main] org.apache.catalina.startup.VersionLoggerListener.log 명령 행 아규먼트: -Dcatalina.base=C:\webprogramming\apache-tomcat-8.5.47
07-Nov-2019 18:34:32.510 정보 [main] org.apache.catalina.startup.VersionLoggerListener.log 명령 행 아규먼트: -Dcatalina.home=C:\webprogramming\apache-tomcat-8.5.47
07-Nov-2019 18:34:32.511 정보 [main] org.apache.catalina.startup.VersionLoggerListener.log 명령 행 아규먼트: -Djava.io.tmpdir=C:\webprogramming\apache-tomcat-8.5.47\temp
07-Nov-2019 18:34:32.513 정보 [main] org.apache.catalina.core.AprLifecycleListener.lifecycleEvent APR 버전 [1.7.0]을(를) 사용한, APR 기반 Apache Tomcat Native 라이브러리 [1.2.23]을(를) 로드했습니다.
07-Nov-2019 18:34:32.534 정보 [main] org.apache.catalina.core.AprLifecycleListener.lifecycleEvent APR 용량정보들: IPv6 [true], sendfile [true], accept filters [false], random [true].
07-Nov-2019 18:34:32.535 정보 [main] org.apache.catalina.core.AprLifecycleListener.lifecycleEvent APR/OpenSSL 설정: useAprConnector [false], useOpenSSL [true]
07-Nov-2019 18:34:32.542 정보 [main] org.apache.catalina.core.AprLifecycleListener.initializeSSL OpenSSL이 성공적으로 초기화되었습니다: [OpenSSL 1.1.1c  28 May 2019]
07-Nov-2019 18:34:33.903 정보 [main] org.apache.coyote.AbstractProtocol.init 프로토콜 핸들러 ["http-nio-8080"]을(를) 초기화합니다.
07-Nov-2019 18:34:34.312 정보 [main] org.apache.tomcat.util.net.NioSelectorPool.getSharedSelector Using a shared selector for servlet write/read
07-Nov-2019 18:34:34.325 정보 [main] org.apache.coyote.AbstractProtocol.init 프로토콜 핸들러 ["ajp-nio-8009"]을(를) 초기화합니다.
07-Nov-2019 18:34:34.329 정보 [main] org.apache.tomcat.util.net.NioSelectorPool.getSharedSelector Using a shared selector for servlet write/read
07-Nov-2019 18:34:34.330 정보 [main] org.apache.catalina.startup.Catalina.load Initialization processed in 2803 ms
07-Nov-2019 18:34:34.421 정보 [main] org.apache.catalina.core.StandardService.startInternal 서비스 [Catalina]을(를) 시작합니다.
07-Nov-2019 18:34:34.424 정보 [main] org.apache.catalina.core.StandardEngine.startInternal Starting Servlet Engine: Apache Tomcat/8.5.47
07-Nov-2019 18:34:34.445 정보 [localhost-startStop-1] org.apache.catalina.startup.HostConfig.deployDirectory 웹 애플리케이션 디렉토리 [C:\webprogramming\apache-tomcat-8.5.47\webapps\docs]을(를) 배치합니다.
07-Nov-2019 18:34:34.743 정보 [localhost-startStop-1] org.apache.catalina.startup.HostConfig.deployDirectory 웹 애플리케이션 디렉토리 [C:\webprogramming\apache-tomcat-8.5.47\webapps\docs]에 대한 배치가 [285] 밀리초에 완료되었습니다.
07-Nov-2019 18:34:34.782 정보 [localhost-startStop-1] org.apache.catalina.startup.HostConfig.deployDirectory 웹 애플리케이션 디렉토리 [C:\webprogramming\apache-tomcat-8.5.47\webapps\examples]을(를) 배치합니다.
07-Nov-2019 18:34:35.121 정보 [localhost-startStop-1] org.apache.catalina.startup.HostConfig.deployDirectory 웹 애플리케이션 디렉토리 [C:\webprogramming\apache-tomcat-8.5.47\webapps\examples]에 대한 배치가 [339] 밀리초에 완료되었습니다.
07-Nov-2019 18:34:35.124 정보 [localhost-startStop-1] org.apache.catalina.startup.HostConfig.deployDirectory 웹 애플리케이션 디렉토리 [C:\webprogramming\apache-tomcat-8.5.47\webapps\host-manager]을(를) 배치합니다.
07-Nov-2019 18:34:35.162 정보 [localhost-startStop-1] org.apache.catalina.startup.HostConfig.deployDirectory 웹 애플리케이션 디렉토리 [C:\webprogramming\apache-tomcat-8.5.47\webapps\host-manager]에 대한 배치가 [38] 밀리초에 완료되었습니다.
07-Nov-2019 18:34:35.167 정보 [localhost-startStop-1] org.apache.catalina.startup.HostConfig.deployDirectory 웹 애플리케이션 디렉토리 [C:\webprogramming\apache-tomcat-8.5.47\webapps\manager]을(를) 배치합니다.
07-Nov-2019 18:34:35.190 정보 [localhost-startStop-1] org.apache.catalina.startup.HostConfig.deployDirectory 웹 애플리케이션 디렉토리 [C:\webprogramming\apache-tomcat-8.5.47\webapps\manager]에 대한 배치가 [22] 밀리초에 완료되었습니다.
07-Nov-2019 18:34:35.193 정보 [localhost-startStop-1] org.apache.catalina.startup.HostConfig.deployDirectory 웹 애플리케이션 디렉토리 [C:\webprogramming\apache-tomcat-8.5.47\webapps\ROOT]을(를) 배치합니다.
07-Nov-2019 18:34:35.213 정보 [localhost-startStop-1] org.apache.catalina.startup.HostConfig.deployDirectory 웹 애플리케이션 디렉토리 [C:\webprogramming\apache-tomcat-8.5.47\webapps\ROOT]에 대한 배치가 [20] 밀리초에 완료되었습니다.
07-Nov-2019 18:34:35.221 정보 [main] org.apache.coyote.AbstractProtocol.start 프로토콜 핸들러 ["http-nio-8080"]을(를) 시작합니다.
07-Nov-2019 18:34:35.229 정보 [main] org.apache.coyote.AbstractProtocol.start 프로토콜 핸들러 ["ajp-nio-8009"]을(를) 시작합니다.
07-Nov-2019 18:34:35.234 정보 [main] org.apache.catalina.startup.Catalina.start Server startup in 903 ms
